<?xml version="1.0" encoding="UTF-8"?>
<testng-results skipped="0" failed="1" ignored="0" total="1" passed="0">
  <reporter-output>
    <line>
      <![CDATA[testCase1]]>
    </line>
  </reporter-output>
  <suite name="Default suite" duration-ms="4224" started-at="2021-06-27T23:20:17 IST" finished-at="2021-06-27T23:20:21 IST">
    <groups>
    </groups>
    <test name="Default test" duration-ms="4224" started-at="2021-06-27T23:20:17 IST" finished-at="2021-06-27T23:20:21 IST">
      <class name="Annotations.TestCaseWithScreenShot">
        <test-method status="PASS" signature="initBroswer()[pri:0, instance:Annotations.TestCaseWithScreenShot@7113b13f]" name="initBroswer" is-config="true" duration-ms="2444" started-at="2021-06-27T23:20:14 IST" finished-at="2021-06-27T23:20:17 IST">
          <reporter-output>
          </reporter-output>
        </test-method> <!-- initBroswer -->
        <test-method status="FAIL" signature="testCase1()[pri:1, instance:Annotations.TestCaseWithScreenShot@7113b13f]" name="testCase1" duration-ms="3947" started-at="2021-06-27T23:20:17 IST" finished-at="2021-06-27T23:20:21 IST">
          <exception class="java.lang.AssertionError">
            <message>
              <![CDATA[expected [false] but found [true]]]>
            </message>
            <full-stacktrace>
              <![CDATA[java.lang.AssertionError: expected [false] but found [true]
at org.testng.Assert.fail(Assert.java:99)
at org.testng.Assert.failNotEquals(Assert.java:1037)
at org.testng.Assert.assertEqualsImpl(Assert.java:140)
at org.testng.Assert.assertEquals(Assert.java:122)
at org.testng.Assert.assertEquals(Assert.java:819)
at org.testng.Assert.assertEquals(Assert.java:829)
at Annotations.TestCaseWithScreenShot.testCase1(TestCaseWithScreenShot.java:19)
at sun.reflect.NativeMethodAccessorImpl.invoke0(Native Method)
at sun.reflect.NativeMethodAccessorImpl.invoke(Unknown Source)
at sun.reflect.DelegatingMethodAccessorImpl.invoke(Unknown Source)
at java.lang.reflect.Method.invoke(Unknown Source)
at org.testng.internal.MethodInvocationHelper.invokeMethod(MethodInvocationHelper.java:133)
at org.testng.internal.TestInvoker.invokeMethod(TestInvoker.java:598)
at org.testng.internal.TestInvoker.invokeTestMethod(TestInvoker.java:173)
at org.testng.internal.MethodRunner.runInSequence(MethodRunner.java:46)
at org.testng.internal.TestInvoker$MethodInvocationAgent.invoke(TestInvoker.java:824)
at org.testng.internal.TestInvoker.invokeTestMethods(TestInvoker.java:146)
at org.testng.internal.TestMethodWorker.invokeTestMethods(TestMethodWorker.java:146)
at org.testng.internal.TestMethodWorker.run(TestMethodWorker.java:128)
at java.util.ArrayList.forEach(Unknown Source)
at org.testng.TestRunner.privateRun(TestRunner.java:794)
at org.testng.TestRunner.run(TestRunner.java:596)
at org.testng.SuiteRunner.runTest(SuiteRunner.java:377)
at org.testng.SuiteRunner.runSequentially(SuiteRunner.java:371)
at org.testng.SuiteRunner.privateRun(SuiteRunner.java:332)
at org.testng.SuiteRunner.run(SuiteRunner.java:276)
at org.testng.SuiteRunnerWorker.runSuite(SuiteRunnerWorker.java:53)
at org.testng.SuiteRunnerWorker.run(SuiteRunnerWorker.java:96)
at org.testng.TestNG.runSuitesSequentially(TestNG.java:1212)
at org.testng.TestNG.runSuitesLocally(TestNG.java:1134)
at org.testng.TestNG.runSuites(TestNG.java:1063)
at org.testng.TestNG.run(TestNG.java:1031)
at org.testng.remote.AbstractRemoteTestNG.run(AbstractRemoteTestNG.java:115)
at org.testng.remote.RemoteTestNG.initAndRun(RemoteTestNG.java:251)
at org.testng.remote.RemoteTestNG.main(RemoteTestNG.java:77)
]]>
            </full-stacktrace>
          </exception> <!-- java.lang.AssertionError -->
          <reporter-output>
            <line>
              <![CDATA[testCase1]]>
            </line>
          </reporter-output>
        </test-method> <!-- testCase1 -->
        <test-method status="PASS" signature="quiteBroswer()[pri:0, instance:Annotations.TestCaseWithScreenShot@7113b13f]" name="quiteBroswer" is-config="true" duration-ms="816" started-at="2021-06-27T23:20:21 IST" finished-at="2021-06-27T23:20:22 IST">
          <reporter-output>
          </reporter-output>
        </test-method> <!-- quiteBroswer -->
      </class> <!-- Annotations.TestCaseWithScreenShot -->
    </test> <!-- Default test -->
  </suite> <!-- Default suite -->
</testng-results>
